0.032*"bag" + 0.020*"luggage" + 0.020*"leave" + 0.012*"door" + 0.011*"car" + 0.010*"bell" + 0.009*"bring" + 0.008*"desk" + 0.008*"return" + 0.007*"sign"
0.069*"hotel" + 0.040*"service" + 0.018*"stay" + 0.015*"experience" + 0.015*"staff" + 0.013*"expect" + 0.013*"star" + 0.011*"expectation" + 0.011*"high" + 0.011*"customer"
0.120*"location" + 0.097*"hotel" + 0.050*"great" + 0.043*"good" + 0.028*"close" + 0.023*"locate" + 0.019*"perfect" + 0.016*"area" + 0.016*"stay" + 0.015*"shopping"
0.127*"bed" + 0.053*"pillow" + 0.040*"comfortable" + 0.031*"sleep" + 0.030*"sheet" + 0.023*"mattress" + 0.017*"linen" + 0.016*"soft" + 0.015*"towel" + 0.014*"hard"
0.087*"room" + 0.083*"tv" + 0.036*"bed" + 0.033*"screen" + 0.030*"flat" + 0.029*"bathroom" + 0.027*"large" + 0.023*"bedroom" + 0.022*"nice" + 0.020*"area"
0.138*"stay" + 0.122*"hotel" + 0.101*"recommend" + 0.037*"highly" + 0.031*"time" + 0.026*"visit" + 0.024*"return" + 0.019*"london" + 0.019*"friend" + 0.018*"trip"
0.110*"check" + 0.055*"room" + 0.051*"arrive" + 0.033*"early" + 0.026*"wait" + 0.025*"ready" + 0.025*"hour" + 0.022*"time" + 0.021*"hotel" + 0.018*"leave"
0.163*"breakfast" + 0.052*"good" + 0.037*"room" + 0.033*"buffet" + 0.031*"coffee" + 0.031*"morning" + 0.021*"include" + 0.020*"hotel" + 0.020*"free" + 0.019*"day"
0.036*"coffee" + 0.031*"room" + 0.024*"towel" + 0.021*"tea" + 0.019*"water" + 0.018*"fridge" + 0.013*"soap" + 0.013*"microwave" + 0.013*"provide" + 0.012*"shampoo"
0.073*"montreal" + 0.022*"de" + 0.020*"le" + 0.015*"catherine" + 0.012*"rue" + 0.012*"st" + 0.011*"bon" + 0.009*"bien" + 0.009*"du" + 0.009*"htel"
0.076*"elevator" + 0.036*"lift" + 0.029*"floor" + 0.029*"stair" + 0.024*"room" + 0.016*"wait" + 0.016*"slow" + 0.015*"walk" + 0.010*"people" + 0.010*"luggage"
0.075*"station" + 0.064*"walk" + 0.054*"hotel" + 0.047*"minute" + 0.034*"location" + 0.025*"tube" + 0.024*"bus" + 0.024*"close" + 0.023*"stop" + 0.022*"street"
0.006*"lovely" + 0.006*"bar" + 0.006*"boutique" + 0.005*"beautiful" + 0.005*"style" + 0.004*"atmosphere" + 0.004*"lighting" + 0.004*"light" + 0.004*"elegant" + 0.004*"--"
0.040*"feel" + 0.036*"area" + 0.034*"safe" + 0.031*"walk" + 0.030*"hotel" + 0.016*"neighborhood" + 0.016*"quiet" + 0.015*"street" + 0.014*"people" + 0.013*"night"
0.090*"smell" + 0.068*"room" + 0.064*"smoke" + 0.061*"smoking" + 0.015*"cigarette" + 0.013*"bad" + 0.011*"hallway" + 0.010*"casino" + 0.009*"floor" + 0.008*"air"
0.069*"hotel" + 0.038*"building" + 0.026*"construction" + 0.020*"work" + 0.019*"renovation" + 0.013*"year" + 0.011*"build" + 0.011*"room" + 0.011*"area" + 0.010*"noise"
0.094*"staff" + 0.092*"room" + 0.090*"hotel" + 0.063*"great" + 0.057*"clean" + 0.052*"location" + 0.048*"good" + 0.039*"friendly" + 0.037*"service" + 0.033*"nice"
0.039*"hotel" + 0.038*"taxi" + 0.030*"airport" + 0.026*"bus" + 0.019*"cab" + 0.018*"shuttle" + 0.018*"car" + 0.017*"tour" + 0.017*"day" + 0.016*"driver"
0.069*"restaurant" + 0.049*"hotel" + 0.033*"street" + 0.029*"good" + 0.027*"great" + 0.026*"eat" + 0.026*"place" + 0.024*"shop" + 0.023*"store" + 0.023*"'s"
0.075*"air" + 0.050*"room" + 0.044*"window" + 0.034*"conditioning" + 0.028*"open" + 0.021*"hot" + 0.017*"cold" + 0.016*"heat" + 0.015*"warm" + 0.013*"cool"
0.047*"bar" + 0.041*"drink" + 0.033*"wine" + 0.021*"evening" + 0.017*"lounge" + 0.013*"free" + 0.013*"bottle" + 0.013*"nice" + 0.010*"glass" + 0.010*"complimentary"
0.053*"breakfast" + 0.035*"fruit" + 0.031*"juice" + 0.031*"cereal" + 0.030*"toast" + 0.027*"egg" + 0.025*"coffee" + 0.022*"fresh" + 0.016*"bread" + 0.015*"continental"
0.139*"parking" + 0.077*"car" + 0.044*"park" + 0.044*"valet" + 0.031*"garage" + 0.018*"hotel" + 0.017*"drive" + 0.016*"free" + 0.010*"day" + 0.008*"rent"
0.035*"london" + 0.011*"york" + 0.009*"nyc" + 0.009*"expect" + 0.007*"visit" + 0.007*"delhi" + 0.006*"weekend" + 0.005*"expensive" + 0.005*"return" + 0.005*"ny"
0.047*"tube" + 0.038*"london" + 0.018*"walk" + 0.015*"kensington" + 0.014*"paddington" + 0.014*"hyde" + 0.014*"court" + 0.014*"oxford" + 0.013*"victoria" + 0.013*"museum"
0.085*"book" + 0.061*"hotel" + 0.047*"rate" + 0.043*"night" + 0.041*"room" + 0.028*"website" + 0.027*"deal" + 0.022*"pay" + 0.021*"stay" + 0.020*"good"
0.112*"review" + 0.080*"hotel" + 0.060*"read" + 0.035*"stay" + 0.029*"book" + 0.021*"trip" + 0.014*"previous" + 0.014*"tripadvisor" + 0.014*"bad" + 0.013*"good"
0.045*"inn" + 0.028*"holiday" + 0.024*"club" + 0.017*"marriott" + 0.016*"ritz" + 0.013*"stay" + 0.013*"plaza" + 0.011*"chicago" + 0.011*"suites" + 0.009*"carlton"
0.041*"times" + 0.026*"empire" + 0.020*"state" + 0.018*"avenue" + 0.017*"broadway" + 0.016*"square" + 0.015*"michigan" + 0.014*"5th" + 0.013*"ave" + 0.012*"walk"
0.096*"room" + 0.029*"door" + 0.029*"day" + 0.026*"work" + 0.023*"leave" + 0.021*"problem" + 0.019*"time" + 0.018*"night" + 0.017*"service" + 0.016*"morning"
0.017*"clock" + 0.016*"player" + 0.016*"plug" + 0.016*"ipod" + 0.016*"tv" + 0.014*"alarm" + 0.014*"dvd" + 0.013*"remote" + 0.013*"radio" + 0.012*"control"
0.179*"room" + 0.104*"clean" + 0.075*"bed" + 0.070*"comfortable" + 0.044*"bathroom" + 0.034*"nice" + 0.024*"good" + 0.022*"small" + 0.021*"spacious" + 0.017*"hotel"
0.072*"walk" + 0.056*"location" + 0.039*"hotel" + 0.037*"block" + 0.037*"distance" + 0.035*"square" + 0.027*"great" + 0.027*"minute" + 0.024*"park" + 0.024*"walking"
0.025*"room" + 0.023*"carpet" + 0.022*"dirty" + 0.021*"wall" + 0.020*"bathroom" + 0.014*"stain" + 0.012*"window" + 0.010*"curtain" + 0.009*"furniture" + 0.009*"light"
0.065*"food" + 0.062*"restaurant" + 0.040*"service" + 0.040*"good" + 0.028*"breakfast" + 0.027*"eat" + 0.023*"hotel" + 0.021*"bar" + 0.017*"dinner" + 0.017*"great"
0.046*"stay" + 0.040*"weekend" + 0.026*"year" + 0.022*"birthday" + 0.020*"husband" + 0.016*"daughter" + 0.015*"visit" + 0.015*"wife" + 0.015*"night" + 0.015*"return"
0.055*"dubai" + 0.050*"beach" + 0.029*"al" + 0.019*"burj" + 0.016*"jumeirah" + 0.011*"resort" + 0.011*"arab" + 0.010*"creek" + 0.008*"mina" + 0.008*"palm"
0.071*"noise" + 0.046*"hear" + 0.035*"room" + 0.022*"street" + 0.021*"night" + 0.017*"window" + 0.016*"noisy" + 0.016*"loud" + 0.015*"sleep" + 0.012*"floor"
0.181*"stay" + 0.106*"night" + 0.060*"hotel" + 0.025*"week" + 0.023*"day" + 0.018*"trip" + 0.016*"spend" + 0.015*"husband" + 0.014*"return" + 0.013*"year"
0.008*"posizione" + 0.008*"ottimo" + 0.006*"ottima" + 0.006*"hotel" + 0.006*"di" + 0.006*"bend" + 0.006*"ma" + 0.005*"prezzo" + 0.005*"mr" + 0.005*"amp"
0.023*"casino" + 0.020*"bar" + 0.018*"play" + 0.014*"club" + 0.013*"table" + 0.013*"music" + 0.012*"slot" + 0.010*"game" + 0.009*"drink" + 0.008*"fun"
0.053*"charge" + 0.048*"card" + 0.032*"credit" + 0.025*"check" + 0.022*"bill" + 0.018*"pay" + 0.015*"room" + 0.013*"phone" + 0.013*"hotel" + 0.012*"call"
0.067*"room" + 0.056*"hotel" + 0.027*"lobby" + 0.026*"modern" + 0.024*"clean" + 0.023*"decor" + 0.019*"decorate" + 0.018*"area" + 0.016*"nice" + 0.012*"feel"
0.034*"desk" + 0.029*"staff" + 0.021*"manager" + 0.016*"call" + 0.015*"speak" + 0.014*"hotel" + 0.014*"check" + 0.011*"rude" + 0.011*"problem" + 0.010*"time"
0.131*"pool" + 0.035*"area" + 0.028*"nice" + 0.024*"gym" + 0.024*"hotel" + 0.021*"spa" + 0.017*"small" + 0.015*"swimming" + 0.014*"room" + 0.014*"good"
0.194*"room" + 0.092*"small" + 0.047*"clean" + 0.043*"bathroom" + 0.037*"hotel" + 0.027*"size" + 0.019*"standard" + 0.018*"bit" + 0.017*"large" + 0.016*"big"
0.111*"internet" + 0.087*"free" + 0.045*"room" + 0.040*"access" + 0.030*"wireless" + 0.024*"computer" + 0.022*"hotel" + 0.020*"work" + 0.020*"lobby" + 0.018*"business"
0.120*"view" + 0.095*"room" + 0.049*"floor" + 0.021*"window" + 0.021*"building" + 0.021*"great" + 0.015*"tower" + 0.015*"overlook" + 0.013*"nice" + 0.012*"face"
0.003*"elevator" + 0.002*"guy" + 0.002*"fire" + 0.002*"move" + 0.002*"bad" + 0.002*"lack" + 0.002*"attitude" + 0.002*"customer" + 0.002*"quot" + 0.002*"explain"
0.199*"room" + 0.082*"hotel" + 0.057*"floor" + 0.039*"stay" + 0.026*"small" + 0.025*"night" + 0.024*"time" + 0.020*"clean" + 0.017*"check" + 0.017*"street"
0.177*"hotel" + 0.129*"stay" + 0.062*"good" + 0.044*"night" + 0.042*"place" + 0.041*"great" + 0.037*"time" + 0.029*"room" + 0.020*"location" + 0.017*"nice"
0.109*"shower" + 0.079*"bathroom" + 0.047*"water" + 0.025*"bath" + 0.024*"tub" + 0.023*"hot" + 0.022*"room" + 0.019*"toilet" + 0.016*"sink" + 0.014*"small"
0.076*"vegas" + 0.057*"strip" + 0.036*"las" + 0.035*"casino" + 0.014*"mgm" + 0.014*"stay" + 0.012*"bellagio" + 0.011*"resort" + 0.010*"bay" + 0.010*"mandalay"
0.178*"staff" + 0.092*"friendly" + 0.088*"helpful" + 0.032*"desk" + 0.027*"hotel" + 0.021*"check" + 0.020*"concierge" + 0.019*"service" + 0.016*"reception" + 0.015*"nice"
0.014*"cafe" + 0.011*"bar" + 0.011*"food" + 0.010*"pub" + 0.010*"deli" + 0.010*"diner" + 0.008*"steak" + 0.007*"dinner" + 0.007*"burger" + 0.007*"meal"
0.135*"room" + 0.069*"upgrade" + 0.060*"suite" + 0.031*"stay" + 0.029*"check" + 0.028*"floor" + 0.025*"book" + 0.022*"night" + 0.020*"give" + 0.017*"view"
0.033*"reservation" + 0.024*"request" + 0.022*"book" + 0.016*"call" + 0.015*"email" + 0.014*"booking" + 0.014*"room" + 0.012*"receive" + 0.012*"hotel" + 0.011*"desk"
0.163*"room" + 0.130*"bed" + 0.053*"double" + 0.034*"king" + 0.030*"size" + 0.028*"small" + 0.022*"queen" + 0.019*"book" + 0.018*"single" + 0.014*"comfortable"
0.051*"child" + 0.048*"kid" + 0.040*"family" + 0.028*"young" + 0.025*"adult" + 0.023*"travel" + 0.021*"hotel" + 0.018*"stay" + 0.017*"year" + 0.016*"love"
0.120*"hotel" + 0.069*"good" + 0.060*"price" + 0.050*"stay" + 0.034*"pay" + 0.033*"room" + 0.029*"location" + 0.025*"star" + 0.021*"rate" + 0.018*"night"
0.092*"san" + 0.085*"francisco" + 0.038*"wharf" + 0.037*"union" + 0.021*"fisherman" + 0.017*"car" + 0.016*"bart" + 0.013*"square" + 0.011*"hill" + 0.011*"sf"
0.060*"business" + 0.059*"hotel" + 0.033*"stay" + 0.026*"travel" + 0.017*"traveler" + 0.015*"traveller" + 0.014*"conference" + 0.011*"people" + 0.010*"group" + 0.010*"london"
0.042*"iron" + 0.032*"chair" + 0.028*"table" + 0.025*"closet" + 0.021*"space" + 0.020*"board" + 0.018*"room" + 0.017*"desk" + 0.015*"drawer" + 0.013*"large"
0.046*"day" + 0.035*"time" + 0.026*"stay" + 0.026*"spend" + 0.023*"hotel" + 0.023*"place" + 0.019*"night" + 0.014*"great" + 0.014*"money" + 0.014*"good"
0.050*"pay" + 0.036*"worth" + 0.031*"price" + 0.030*"charge" + 0.029*"extra" + 0.029*"night" + 0.026*"cost" + 0.023*"room" + 0.018*"expensive" + 0.016*"rate"
